# JRE version: OpenJDK Runtime Environment (17.0.11) (build 17.0.11+0--11852314)
# Java VM: OpenJDK 64-Bit Server VM (17.0.11+0--11852314, mixed mode, tiered, compressed oops, compressed class ptrs, g1 gc, windows-amd64)
GC Precious Log:
 CPUs: 12 total, 12 available
 Memory: 7916M
 Large Page Support: Disabled
 NUMA Support: Disabled
 Compressed Oops: Enabled (Zero based)
 Heap Region Size: 4M
 Heap Min Capacity: 8M
 Heap Initial Capacity: 124M
 Heap Max Capacity: 8G
 Pre-touch: Disabled
 Parallel Workers: 10
 Concurrent Workers: 3
 Concurrent Refinement Workers: 10
 Periodic GC: Disabled
Heap:
 garbage-first heap   total 1249280K, used 438272K [0x0000000600000000, 0x0000000800000000)
  region size 4096K, 2 young (8192K), 2 survivors (8192K)
 Metaspace       used 144228K, committed 145920K, reserved 1179648K
  class space    used 19722K, committed 20480K, reserved 1048576K
GC Heap History (20 events):
Event: 302.439 GC heap after
{Heap after GC invocations=102 (full 0):
 garbage-first heap   total 458752K, used 261143K [0x0000000600000000, 0x0000000800000000)
  region size 4096K, 3 young (12288K), 3 survivors (12288K)
 Metaspace       used 134564K, committed 136128K, reserved 1179648K
  class space    used 18437K, committed 19136K, reserved 1048576K
}
Event: 302.481 GC heap before
{Heap before GC invocations=102 (full 0):
 garbage-first heap   total 458752K, used 269335K [0x0000000600000000, 0x0000000800000000)
  region size 4096K, 5 young (20480K), 3 survivors (12288K)
 Metaspace       used 134564K, committed 136128K, reserved 1179648K
  class space    used 18437K, committed 19136K, reserved 1048576K
}
Event: 302.543 GC heap after
{Heap after GC invocations=103 (full 0):
 garbage-first heap   total 552960K, used 260220K [0x0000000600000000, 0x0000000800000000)
  region size 4096K, 1 young (4096K), 1 survivors (4096K)
 Metaspace       used 134564K, committed 136128K, reserved 1179648K
  class space    used 18437K, committed 19136K, reserved 1048576K
}
Event: 308.373 GC heap before
{Heap before GC invocations=103 (full 0):
 garbage-first heap   total 552960K, used 444540K [0x0000000600000000, 0x0000000800000000)
  region size 4096K, 47 young (192512K), 1 survivors (4096K)
 Metaspace       used 135242K, committed 136896K, reserved 1179648K
  class space    used 18497K, committed 19264K, reserved 1048576K
}
Event: 308.413 GC heap after
{Heap after GC invocations=104 (full 0):
 garbage-first heap   total 552960K, used 267623K [0x0000000600000000, 0x0000000800000000)
  region size 4096K, 3 young (12288K), 3 survivors (12288K)
 Metaspace       used 135242K, committed 136896K, reserved 1179648K
  class space    used 18497K, committed 19264K, reserved 1048576K
}
Event: 311.505 GC heap before
{Heap before GC invocations=104 (full 0):
 garbage-first heap   total 552960K, used 451943K [0x0000000600000000, 0x0000000800000000)
  region size 4096K, 49 young (200704K), 3 survivors (12288K)
 Metaspace       used 136071K, committed 137728K, reserved 1179648K
  class space    used 18586K, committed 19328K, reserved 1048576K
}
Event: 311.588 GC heap after
{Heap after GC invocations=105 (full 0):
 garbage-first heap   total 552960K, used 275492K [0x0000000600000000, 0x0000000800000000)
  region size 4096K, 5 young (20480K), 5 survivors (20480K)
 Metaspace       used 136071K, committed 137728K, reserved 1179648K
  class space    used 18586K, committed 19328K, reserved 1048576K
}
Event: 314.721 GC heap before
{Heap before GC invocations=105 (full 0):
 garbage-first heap   total 552960K, used 451620K [0x0000000600000000, 0x0000000800000000)
  region size 4096K, 49 young (200704K), 5 survivors (20480K)
 Metaspace       used 137293K, committed 139008K, reserved 1179648K
  class space    used 18756K, committed 19520K, reserved 1048576K
}
Event: 314.792 GC heap after
{Heap after GC invocations=106 (full 0):
 garbage-first heap   total 552960K, used 281316K [0x0000000600000000, 0x0000000800000000)
  region size 4096K, 4 young (16384K), 4 survivors (16384K)
 Metaspace       used 137293K, committed 139008K, reserved 1179648K
  class space    used 18756K, committed 19520K, reserved 1048576K
}
Event: 317.541 GC heap before
{Heap before GC invocations=106 (full 0):
 garbage-first heap   total 552960K, used 457444K [0x0000000600000000, 0x0000000800000000)
  region size 4096K, 48 young (196608K), 4 survivors (16384K)
 Metaspace       used 137621K, committed 139264K, reserved 1179648K
  class space    used 18786K, committed 19520K, reserved 1048576K
}
Event: 317.574 GC heap after
{Heap after GC invocations=107 (full 0):
 garbage-first heap   total 552960K, used 287477K [0x0000000600000000, 0x0000000800000000)
  region size 4096K, 4 young (16384K), 4 survivors (16384K)
 Metaspace       used 137621K, committed 139264K, reserved 1179648K
  class space    used 18786K, committed 19520K, reserved 1048576K
}
Event: 320.419 GC heap before
{Heap before GC invocations=107 (full 0):
 garbage-first heap   total 552960K, used 459509K [0x0000000600000000, 0x0000000800000000)
  region size 4096K, 47 young (192512K), 4 survivors (16384K)
 Metaspace       used 139125K, committed 140800K, reserved 1179648K
  class space    used 18973K, committed 19712K, reserved 1048576K
}
Event: 320.599 GC heap after
{Heap after GC invocations=108 (full 0):
 garbage-first heap   total 1249280K, used 324292K [0x0000000600000000, 0x0000000800000000)
  region size 4096K, 6 young (24576K), 6 survivors (24576K)
 Metaspace       used 139125K, committed 140800K, reserved 1179648K
  class space    used 18973K, committed 19712K, reserved 1048576K
}
Event: 325.980 GC heap before
{Heap before GC invocations=108 (full 0):
 garbage-first heap   total 1249280K, used 602820K [0x0000000600000000, 0x0000000800000000)
  region size 4096K, 75 young (307200K), 6 survivors (24576K)
 Metaspace       used 142052K, committed 143744K, reserved 1179648K
  class space    used 19397K, committed 20160K, reserved 1048576K
}
Event: 326.150 GC heap after
{Heap after GC invocations=109 (full 0):
 garbage-first heap   total 1249280K, used 369439K [0x0000000600000000, 0x0000000800000000)
  region size 4096K, 10 young (40960K), 10 survivors (40960K)
 Metaspace       used 142052K, committed 143744K, reserved 1179648K
  class space    used 19397K, committed 20160K, reserved 1048576K
}
Event: 327.584 GC heap before
{Heap before GC invocations=109 (full 0):
 garbage-first heap   total 1249280K, used 574239K [0x0000000600000000, 0x0000000800000000)
  region size 4096K, 61 young (249856K), 10 survivors (40960K)
 Metaspace       used 144225K, committed 145920K, reserved 1179648K
  class space    used 19722K, committed 20480K, reserved 1048576K
}
Event: 328.238 GC heap after
{Heap after GC invocations=110 (full 0):
 garbage-first heap   total 1249280K, used 414657K [0x0000000600000000, 0x0000000800000000)
  region size 4096K, 8 young (32768K), 8 survivors (32768K)
 Metaspace       used 144225K, committed 145920K, reserved 1179648K
  class space    used 19722K, committed 20480K, reserved 1048576K
}
Event: 328.307 GC heap before
{Heap before GC invocations=110 (full 0):
 garbage-first heap   total 1249280K, used 443329K [0x0000000600000000, 0x0000000800000000)
  region size 4096K, 15 young (61440K), 8 survivors (32768K)
 Metaspace       used 144228K, committed 145920K, reserved 1179648K
  class space    used 19722K, committed 20480K, reserved 1048576K
}
Event: 328.343 GC heap after
{Heap after GC invocations=111 (full 0):
 garbage-first heap   total 1249280K, used 425326K [0x0000000600000000, 0x0000000800000000)
  region size 4096K, 2 young (8192K), 2 survivors (8192K)
 Metaspace       used 144228K, committed 145920K, reserved 1179648K
  class space    used 19722K, committed 20480K, reserved 1048576K
}
Event: 328.448 GC heap before
{Heap before GC invocations=111 (full 0):
 garbage-first heap   total 1249280K, used 478574K [0x0000000600000000, 0x0000000800000000)
  region size 4096K, 15 young (61440K), 2 survivors (8192K)
 Metaspace       used 144228K, committed 145920K, reserved 1179648K
  class space    used 19722K, committed 20480K, reserved 1048576K
}

